2024.09.06 09:42:34 INFO  Started: Metals version 1.3.5 in folders '/Users/dansmac/Desktop/data engineer' for client Visual Studio Code 1.93.0.
2024.09.06 09:42:34 INFO  time: initialize in 0.12s
SLF4J(W): Class path contains multiple SLF4J providers.
SLF4J(W): Found provider [scribe.slf4j.ScribeServiceProvider@6ca90723]
SLF4J(W): Found provider [ch.qos.logback.classic.spi.LogbackServiceProvider@1ca1dd39]
SLF4J(W): See https://www.slf4j.org/codes.html#multiple_bindings for an explanation.
SLF4J(I): Actual provider is of type [scribe.slf4j.ScribeServiceProvider@6ca90723]
2024.09.06 09:42:38 WARN  Flyway upgrade recommended: H2 2.3.230 is newer than this version of Flyway and support has not been tested. The latest supported version of H2 is 2.2.220.
2024.09.06 09:45:24 INFO  running '/Library/Java/JavaVirtualMachines/jdk-19.jdk/Contents/Home/bin/java -Djline.terminal=jline.UnsupportedTerminal -Dsbt.log.noformat=true -Dfile.encoding=UTF-8 -Dsbt.version=1.9.9 -jar /var/folders/fc/9qv1xb6x7ml328z3gv6twk0w0000gn/T/metals6446121635336121699/sbt-launch.jar -Dbloop.export-jar-classifiers=sources bloopInstall'
2024.09.06 09:45:25 ERROR [info] [launcher] getting org.scala-sbt sbt 1.9.9  (this may take some time)...
2024.09.06 09:45:38 ERROR [info] [launcher] getting Scala 2.12.18 (for sbt)...
2024.09.06 09:45:43 INFO  [info] Updated file /Users/dansmac/Desktop/data engineer/eventsim/project/build.properties: set sbt.version to 1.9.9
2024.09.06 09:45:43 INFO  [info] welcome to sbt 1.9.9 (Oracle Corporation Java 19.0.1)
2024.09.06 09:45:49 INFO  [info] loading settings for project eventsim-build-build-build from metals.sbt ...
2024.09.06 09:45:53 INFO  [info] loading project definition from /Users/dansmac/Desktop/data engineer/eventsim/project/project/project
2024.09.06 09:46:08 INFO  [info] loading settings for project eventsim-build-build from metals.sbt ...
2024.09.06 09:46:08 INFO  [info] loading project definition from /Users/dansmac/Desktop/data engineer/eventsim/project/project
2024.09.06 09:46:19 INFO  [success] Generated .bloop/eventsim-build-build.json
2024.09.06 09:46:20 INFO  [success] Total time: 11 s, completed 2024年9月6日 09:46:20
2024.09.06 09:46:34 INFO  [info] loading settings for project eventsim-build from assembly.sbt,metals.sbt,plugins.sbt ...
2024.09.06 09:46:35 INFO  [info] loading project definition from /Users/dansmac/Desktop/data engineer/eventsim/project
2024.09.06 09:46:45 INFO  [warn] 
2024.09.06 09:46:45 INFO  [warn] 	Note: Some unresolved dependencies have extra attributes.  Check that these dependencies exist with the requested attributes.
2024.09.06 09:46:45 INFO  [warn] 		com.eed3si9n:sbt-assembly:0.13.0 (sbtVersion=1.0, scalaVersion=2.12)
2024.09.06 09:46:45 INFO  [warn] 
2024.09.06 09:46:45 INFO  [warn] 	Note: Unresolved dependencies path:
2024.09.06 09:46:45 INFO  [error] Couldn't run bloopGenerate. The issue could be caused by failing to compile the project.
2024.09.06 09:46:45 INFO  [error] sbt.librarymanagement.ResolveException: Error downloading com.eed3si9n:sbt-assembly;sbtVersion=1.0;scalaVersion=2.12:0.13.0
2024.09.06 09:46:45 INFO  [error]   Not found
2024.09.06 09:46:45 INFO  [error]   Not found
2024.09.06 09:46:45 INFO  [error]   not found: https://repo1.maven.org/maven2/com/eed3si9n/sbt-assembly_2.12_1.0/0.13.0/sbt-assembly-0.13.0.pom
2024.09.06 09:46:45 INFO  [error]   not found: /Users/dansmac/.ivy2/localcom.eed3si9n/sbt-assembly/scala_2.12/sbt_1.0/0.13.0/ivys/ivy.xml
2024.09.06 09:46:45 INFO  [error]   not found: https://repo.scala-sbt.org/scalasbt/sbt-plugin-releases/com.eed3si9n/sbt-assembly/scala_2.12/sbt_1.0/0.13.0/ivys/ivy.xml
2024.09.06 09:46:45 INFO  [error]   not found: https://repo.typesafe.com/typesafe/ivy-releases/com.eed3si9n/sbt-assembly/scala_2.12/sbt_1.0/0.13.0/ivys/ivy.xml
2024.09.06 09:46:45 INFO  [error] 	at lmcoursier.CoursierDependencyResolution.unresolvedWarningOrThrow(CoursierDependencyResolution.scala:344)
2024.09.06 09:46:45 INFO  [error] 	at lmcoursier.CoursierDependencyResolution.$anonfun$update$38(CoursierDependencyResolution.scala:313)
2024.09.06 09:46:45 INFO  [error] 	at scala.util.Either$LeftProjection.map(Either.scala:573)
2024.09.06 09:46:45 INFO  [error] 	at lmcoursier.CoursierDependencyResolution.update(CoursierDependencyResolution.scala:313)
2024.09.06 09:46:45 INFO  [error] 	at sbt.librarymanagement.DependencyResolution.update(DependencyResolution.scala:60)
2024.09.06 09:46:45 INFO  [error] 	at sbt.internal.LibraryManagement$.resolve$1(LibraryManagement.scala:60)
2024.09.06 09:46:45 INFO  [error] 	at sbt.internal.LibraryManagement$.$anonfun$cachedUpdate$12(LibraryManagement.scala:134)
2024.09.06 09:46:45 INFO  [error] 	at sbt.util.Tracked$.$anonfun$lastOutput$1(Tracked.scala:74)
2024.09.06 09:46:45 INFO  [error] 	at sbt.internal.LibraryManagement$.$anonfun$cachedUpdate$20(LibraryManagement.scala:147)
2024.09.06 09:46:45 INFO  [error] 	at scala.util.control.Exception$Catch.apply(Exception.scala:228)
2024.09.06 09:46:45 INFO  [error] 	at sbt.internal.LibraryManagement$.$anonfun$cachedUpdate$11(LibraryManagement.scala:147)
2024.09.06 09:46:45 INFO  [error] 	at sbt.internal.LibraryManagement$.$anonfun$cachedUpdate$11$adapted(LibraryManagement.scala:128)
2024.09.06 09:46:45 INFO  [error] 	at sbt.util.Tracked$.$anonfun$inputChangedW$1(Tracked.scala:220)
2024.09.06 09:46:45 INFO  [error] 	at sbt.internal.LibraryManagement$.cachedUpdate(LibraryManagement.scala:161)
2024.09.06 09:46:45 INFO  [error] 	at sbt.Classpaths$.$anonfun$updateTask0$1(Defaults.scala:3801)
2024.09.06 09:46:45 INFO  [error] 	at scala.Function1.$anonfun$compose$1(Function1.scala:49)
2024.09.06 09:46:45 INFO  [error] 	at sbt.internal.util.$tilde$greater.$anonfun$$u2219$1(TypeFunctions.scala:63)
2024.09.06 09:46:45 INFO  [error] 	at sbt.std.Transform$$anon$4.work(Transform.scala:69)
2024.09.06 09:46:45 INFO  [error] 	at sbt.Execute.$anonfun$submit$2(Execute.scala:283)
2024.09.06 09:46:45 INFO  [error] 	at sbt.internal.util.ErrorHandling$.wideConvert(ErrorHandling.scala:24)
2024.09.06 09:46:45 INFO  [error] 	at sbt.Execute.work(Execute.scala:292)
2024.09.06 09:46:45 INFO  [error] 	at sbt.Execute.$anonfun$submit$1(Execute.scala:283)
2024.09.06 09:46:45 INFO  [error] 	at sbt.ConcurrentRestrictions$$anon$4.$anonfun$submitValid$1(ConcurrentRestrictions.scala:265)
2024.09.06 09:46:45 INFO  [error] 	at sbt.CompletionService$$anon$2.call(CompletionService.scala:65)
2024.09.06 09:46:45 INFO  [error] 	at java.base/java.util.concurrent.FutureTask.run(FutureTask.java:317)
2024.09.06 09:46:45 INFO  [error] 	at java.base/java.util.concurrent.Executors$RunnableAdapter.call(Executors.java:577)
2024.09.06 09:46:45 INFO  [error] 	at java.base/java.util.concurrent.FutureTask.run(FutureTask.java:317)
2024.09.06 09:46:45 INFO  [error] 	at java.base/java.util.concurrent.ThreadPoolExecutor.runWorker(ThreadPoolExecutor.java:1144)
2024.09.06 09:46:45 INFO  [error] 	at java.base/java.util.concurrent.ThreadPoolExecutor$Worker.run(ThreadPoolExecutor.java:642)
2024.09.06 09:46:45 INFO  [error] 	at java.base/java.lang.Thread.run(Thread.java:1589)
2024.09.06 09:46:45 INFO  [error] (update) sbt.librarymanagement.ResolveException: Error downloading com.eed3si9n:sbt-assembly;sbtVersion=1.0;scalaVersion=2.12:0.13.0
2024.09.06 09:46:45 INFO  [error]   Not found
2024.09.06 09:46:45 INFO  [error]   Not found
2024.09.06 09:46:45 INFO  [error]   not found: https://repo1.maven.org/maven2/com/eed3si9n/sbt-assembly_2.12_1.0/0.13.0/sbt-assembly-0.13.0.pom
2024.09.06 09:46:45 INFO  [error]   not found: /Users/dansmac/.ivy2/localcom.eed3si9n/sbt-assembly/scala_2.12/sbt_1.0/0.13.0/ivys/ivy.xml
2024.09.06 09:46:45 INFO  [error]   not found: https://repo.scala-sbt.org/scalasbt/sbt-plugin-releases/com.eed3si9n/sbt-assembly/scala_2.12/sbt_1.0/0.13.0/ivys/ivy.xml
2024.09.06 09:46:45 INFO  [error]   not found: https://repo.typesafe.com/typesafe/ivy-releases/com.eed3si9n/sbt-assembly/scala_2.12/sbt_1.0/0.13.0/ivys/ivy.xml
2024.09.06 09:46:45 INFO  [error] Total time: 10 s, completed 2024年9月6日 09:46:45
2024.09.06 09:46:45 INFO  [warn] Project loading failed: (r)etry, (q)uit, (l)ast, or (i)gnore? (default: r)
2024.09.06 09:46:50 INFO  [warn] 
2024.09.06 09:46:50 INFO  [warn] 	Note: Some unresolved dependencies have extra attributes.  Check that these dependencies exist with the requested attributes.
2024.09.06 09:46:50 INFO  [warn] 		com.eed3si9n:sbt-assembly:0.13.0 (sbtVersion=1.0, scalaVersion=2.12)
2024.09.06 09:46:50 INFO  [warn] 
2024.09.06 09:46:50 INFO  [warn] 	Note: Unresolved dependencies path:
2024.09.06 09:46:50 INFO  [error] sbt.librarymanagement.ResolveException: Error downloading com.eed3si9n:sbt-assembly;sbtVersion=1.0;scalaVersion=2.12:0.13.0
2024.09.06 09:46:50 INFO  [error]   Not found
2024.09.06 09:46:50 INFO  [error]   Not found
2024.09.06 09:46:50 INFO  [error]   not found: https://repo1.maven.org/maven2/com/eed3si9n/sbt-assembly_2.12_1.0/0.13.0/sbt-assembly-0.13.0.pom
2024.09.06 09:46:50 INFO  [error]   not found: /Users/dansmac/.ivy2/localcom.eed3si9n/sbt-assembly/scala_2.12/sbt_1.0/0.13.0/ivys/ivy.xml
2024.09.06 09:46:50 INFO  [error]   not found: https://repo.scala-sbt.org/scalasbt/sbt-plugin-releases/com.eed3si9n/sbt-assembly/scala_2.12/sbt_1.0/0.13.0/ivys/ivy.xml
2024.09.06 09:46:50 INFO  [error]   not found: https://repo.typesafe.com/typesafe/ivy-releases/com.eed3si9n/sbt-assembly/scala_2.12/sbt_1.0/0.13.0/ivys/ivy.xml
2024.09.06 09:46:50 INFO  [error] 	at lmcoursier.CoursierDependencyResolution.unresolvedWarningOrThrow(CoursierDependencyResolution.scala:344)
2024.09.06 09:46:50 INFO  [error] 	at lmcoursier.CoursierDependencyResolution.$anonfun$update$38(CoursierDependencyResolution.scala:313)
2024.09.06 09:46:50 INFO  [error] 	at scala.util.Either$LeftProjection.map(Either.scala:573)
2024.09.06 09:46:50 INFO  [error] 	at lmcoursier.CoursierDependencyResolution.update(CoursierDependencyResolution.scala:313)
2024.09.06 09:46:50 INFO  [error] 	at sbt.librarymanagement.DependencyResolution.update(DependencyResolution.scala:60)
2024.09.06 09:46:50 INFO  [error] 	at sbt.internal.LibraryManagement$.resolve$1(LibraryManagement.scala:60)
2024.09.06 09:46:50 INFO  [error] 	at sbt.internal.LibraryManagement$.$anonfun$cachedUpdate$12(LibraryManagement.scala:134)
2024.09.06 09:46:50 INFO  [error] 	at sbt.util.Tracked$.$anonfun$lastOutput$1(Tracked.scala:74)
2024.09.06 09:46:50 INFO  [error] 	at sbt.internal.LibraryManagement$.$anonfun$cachedUpdate$20(LibraryManagement.scala:147)
2024.09.06 09:46:50 INFO  [error] 	at scala.util.control.Exception$Catch.apply(Exception.scala:228)
2024.09.06 09:46:50 INFO  [error] 	at sbt.internal.LibraryManagement$.$anonfun$cachedUpdate$11(LibraryManagement.scala:147)
2024.09.06 09:46:50 INFO  [error] 	at sbt.internal.LibraryManagement$.$anonfun$cachedUpdate$11$adapted(LibraryManagement.scala:128)
2024.09.06 09:46:50 INFO  [error] 	at sbt.util.Tracked$.$anonfun$inputChangedW$1(Tracked.scala:220)
2024.09.06 09:46:50 INFO  [error] 	at sbt.internal.LibraryManagement$.cachedUpdate(LibraryManagement.scala:161)
2024.09.06 09:46:50 INFO  [error] 	at sbt.Classpaths$.$anonfun$updateTask0$1(Defaults.scala:3801)
2024.09.06 09:46:50 INFO  [error] 	at scala.Function1.$anonfun$compose$1(Function1.scala:49)
2024.09.06 09:46:50 INFO  [error] 	at sbt.internal.util.$tilde$greater.$anonfun$$u2219$1(TypeFunctions.scala:63)
2024.09.06 09:46:50 INFO  [error] 	at sbt.std.Transform$$anon$4.work(Transform.scala:69)
2024.09.06 09:46:50 INFO  [error] 	at sbt.Execute.$anonfun$submit$2(Execute.scala:283)
2024.09.06 09:46:50 INFO  [error] 	at sbt.internal.util.ErrorHandling$.wideConvert(ErrorHandling.scala:24)
2024.09.06 09:46:50 INFO  [error] 	at sbt.Execute.work(Execute.scala:292)
2024.09.06 09:46:50 INFO  [error] 	at sbt.Execute.$anonfun$submit$1(Execute.scala:283)
2024.09.06 09:46:50 INFO  [error] 	at sbt.ConcurrentRestrictions$$anon$4.$anonfun$submitValid$1(ConcurrentRestrictions.scala:265)
2024.09.06 09:46:50 INFO  [error] 	at sbt.CompletionService$$anon$2.call(CompletionService.scala:65)
2024.09.06 09:46:50 INFO  [error] 	at java.base/java.util.concurrent.FutureTask.run(FutureTask.java:317)
2024.09.06 09:46:50 INFO  [error] 	at java.base/java.util.concurrent.Executors$RunnableAdapter.call(Executors.java:577)
2024.09.06 09:46:50 INFO  [error] 	at java.base/java.util.concurrent.FutureTask.run(FutureTask.java:317)
2024.09.06 09:46:50 INFO  [error] 	at java.base/java.util.concurrent.ThreadPoolExecutor.runWorker(ThreadPoolExecutor.java:1144)
2024.09.06 09:46:50 INFO  [error] 	at java.base/java.util.concurrent.ThreadPoolExecutor$Worker.run(ThreadPoolExecutor.java:642)
2024.09.06 09:46:50 INFO  [error] 	at java.base/java.lang.Thread.run(Thread.java:1589)
2024.09.06 09:46:50 INFO  [error] (update) sbt.librarymanagement.ResolveException: Error downloading com.eed3si9n:sbt-assembly;sbtVersion=1.0;scalaVersion=2.12:0.13.0
2024.09.06 09:46:50 INFO  [error]   Not found
2024.09.06 09:46:50 INFO  [error]   Not found
2024.09.06 09:46:50 INFO  [error]   not found: https://repo1.maven.org/maven2/com/eed3si9n/sbt-assembly_2.12_1.0/0.13.0/sbt-assembly-0.13.0.pom
2024.09.06 09:46:50 INFO  [error]   not found: /Users/dansmac/.ivy2/localcom.eed3si9n/sbt-assembly/scala_2.12/sbt_1.0/0.13.0/ivys/ivy.xml
2024.09.06 09:46:50 INFO  [error]   not found: https://repo.scala-sbt.org/scalasbt/sbt-plugin-releases/com.eed3si9n/sbt-assembly/scala_2.12/sbt_1.0/0.13.0/ivys/ivy.xml
2024.09.06 09:46:50 INFO  [error]   not found: https://repo.typesafe.com/typesafe/ivy-releases/com.eed3si9n/sbt-assembly/scala_2.12/sbt_1.0/0.13.0/ivys/ivy.xml
2024.09.06 09:46:50 INFO  [warn] Project loading failed: (r)etry, (q)uit, (l)ast, or (i)gnore? (default: r)
2024.09.06 09:46:51 INFO  time: ran 'sbt bloopInstall' in 1m26s
2024.09.06 09:46:51 ERROR sbt command failed: /Library/Java/JavaVirtualMachines/jdk-19.jdk/Contents/Home/bin/java -Djline.terminal=jline.UnsupportedTerminal -Dsbt.log.noformat=true -Dfile.encoding=UTF-8 -Dsbt.version=1.9.9 -jar /var/folders/fc/9qv1xb6x7ml328z3gv6twk0w0000gn/T/metals6446121635336121699/sbt-launch.jar -Dbloop.export-jar-classifiers=sources bloopInstall
9月 08, 2024 9:21:10 上午 org.eclipse.lsp4j.jsonrpc.services.GenericEndpoint notify
信息: Unsupported notification method: $/setTrace
9月 10, 2024 12:52:11 下午 org.eclipse.lsp4j.jsonrpc.services.GenericEndpoint notify
信息: Unsupported notification method: $/setTrace
9月 10, 2024 12:52:13 下午 org.eclipse.lsp4j.jsonrpc.services.GenericEndpoint notify
信息: Unsupported notification method: $/setTrace
9月 10, 2024 10:01:58 下午 org.eclipse.lsp4j.jsonrpc.RemoteEndpoint fallbackResponseError
严重: Internal error: java.nio.file.NoSuchFileException: /Users/dansmac/Desktop/data engineer/eventsim/src
java.io.UncheckedIOException: java.nio.file.NoSuchFileException: /Users/dansmac/Desktop/data engineer/eventsim/src
	at java.base/java.nio.file.FileTreeIterator.fetchNextIfNeeded(FileTreeIterator.java:87)
	at java.base/java.nio.file.FileTreeIterator.hasNext(FileTreeIterator.java:103)
	at java.base/java.util.Spliterators$IteratorSpliterator.tryAdvance(Spliterators.java:1931)
	at java.base/java.util.stream.StreamSpliterators$WrappingSpliterator.lambda$initPartialTraversalState$0(StreamSpliterators.java:292)
	at java.base/java.util.stream.StreamSpliterators$AbstractWrappingSpliterator.fillBuffer(StreamSpliterators.java:206)
	at java.base/java.util.stream.StreamSpliterators$AbstractWrappingSpliterator.doAdvance(StreamSpliterators.java:169)
	at java.base/java.util.stream.StreamSpliterators$WrappingSpliterator.tryAdvance(StreamSpliterators.java:298)
	at java.base/java.util.Spliterators$1Adapter.hasNext(Spliterators.java:681)
	at scala.collection.convert.JavaCollectionWrappers$JIteratorWrapper.hasNext(JavaCollectionWrappers.scala:46)
	at geny.Generator$SelfClosing.generate(Generator.scala:233)
	at geny.Generator$Mapped.generate(Generator.scala:288)
	at geny.Generator$Filtered.generate(Generator.scala:281)
	at geny.Generator$FlatMapped.generate(Generator.scala:296)
	at geny.Generator$FlatMapped.generate(Generator.scala:296)
	at geny.Generator.foreach(Generator.scala:49)
	at geny.Generator.foreach$(Generator.scala:49)
	at geny.Generator$FlatMapped.foreach(Generator.scala:293)
	at geny.Generator.toBuffer(Generator.scala:132)
	at geny.Generator.toBuffer$(Generator.scala:130)
	at geny.Generator$FlatMapped.toBuffer(Generator.scala:293)
	at geny.Generator.toList(Generator.scala:138)
	at geny.Generator.toList$(Generator.scala:138)
	at geny.Generator$FlatMapped.toList(Generator.scala:293)
	at scala.meta.internal.metals.PackageProvider.willMoveDir(PackageProvider.scala:121)
	at scala.meta.internal.metals.PackageProvider.willMovePath(PackageProvider.scala:101)
	at scala.meta.internal.metals.MetalsLspService.willRenameFile(MetalsLspService.scala:1405)
	at scala.meta.internal.metals.WorkspaceLspService.$anonfun$willRenameFiles$2(WorkspaceLspService.scala:566)
	at scala.collection.immutable.List.map(List.scala:247)
	at scala.collection.immutable.List.map(List.scala:79)
	at scala.meta.internal.metals.WorkspaceLspService.$anonfun$willRenameFiles$1(WorkspaceLspService.scala:558)
	at scala.meta.internal.metals.CancelTokens$.future(CancelTokens.scala:38)
	at scala.meta.internal.metals.WorkspaceLspService.willRenameFiles(WorkspaceLspService.scala:557)
	at scala.meta.metals.lsp.DelegatingScalaService.willRenameFiles(DelegatingScalaService.scala:173)
	at java.base/jdk.internal.reflect.DirectMethodHandleAccessor.invoke(DirectMethodHandleAccessor.java:104)
	at java.base/java.lang.reflect.Method.invoke(Method.java:578)
	at org.eclipse.lsp4j.jsonrpc.services.GenericEndpoint.lambda$recursiveFindRpcMethods$0(GenericEndpoint.java:65)
	at org.eclipse.lsp4j.jsonrpc.services.GenericEndpoint.request(GenericEndpoint.java:128)
	at org.eclipse.lsp4j.jsonrpc.RemoteEndpoint.handleRequest(RemoteEndpoint.java:271)
	at org.eclipse.lsp4j.jsonrpc.RemoteEndpoint.consume(RemoteEndpoint.java:201)
	at org.eclipse.lsp4j.jsonrpc.json.StreamMessageProducer.handleMessage(StreamMessageProducer.java:185)
	at org.eclipse.lsp4j.jsonrpc.json.StreamMessageProducer.listen(StreamMessageProducer.java:97)
	at org.eclipse.lsp4j.jsonrpc.json.ConcurrentMessageProcessor.run(ConcurrentMessageProcessor.java:114)
	at java.base/java.util.concurrent.Executors$RunnableAdapter.call(Executors.java:577)
	at java.base/java.util.concurrent.FutureTask.run(FutureTask.java:317)
	at java.base/java.util.concurrent.ThreadPoolExecutor.runWorker(ThreadPoolExecutor.java:1144)
	at java.base/java.util.concurrent.ThreadPoolExecutor$Worker.run(ThreadPoolExecutor.java:642)
	at java.base/java.lang.Thread.run(Thread.java:1589)
Caused by: java.nio.file.NoSuchFileException: /Users/dansmac/Desktop/data engineer/eventsim/src
	at java.base/sun.nio.fs.UnixException.translateToIOException(UnixException.java:92)
	at java.base/sun.nio.fs.UnixException.rethrowAsIOException(UnixException.java:106)
	at java.base/sun.nio.fs.UnixException.rethrowAsIOException(UnixException.java:111)
	at java.base/sun.nio.fs.UnixFileAttributeViews$Basic.readAttributes(UnixFileAttributeViews.java:55)
	at java.base/sun.nio.fs.UnixFileSystemProvider.readAttributes(UnixFileSystemProvider.java:148)
	at java.base/java.nio.file.Files.readAttributes(Files.java:1849)
	at java.base/java.nio.file.FileTreeWalker.getAttributes(FileTreeWalker.java:220)
	at java.base/java.nio.file.FileTreeWalker.visit(FileTreeWalker.java:277)
	at java.base/java.nio.file.FileTreeWalker.next(FileTreeWalker.java:374)
	at java.base/java.nio.file.FileTreeIterator.fetchNextIfNeeded(FileTreeIterator.java:83)
	... 46 more

9月 10, 2024 10:01:59 下午 org.eclipse.lsp4j.jsonrpc.RemoteEndpoint handleCancellation
警告: Unmatched cancel notification for request id 8
2024.09.10 22:02:05 INFO  Shutting down server
2024.09.10 22:02:05 INFO  shutting down Metals
